#
# There is insufficient memory for the Java Runtime Environment to continue.
# Native memory allocation (malloc) failed to allocate 1171056 bytes for Chunk::new
# Possible reasons:
#   The system is out of physical RAM or swap space
#   The process is running with CompressedOops enabled, and the Java Heap may be blocking the growth of the native heap
# Possible solutions:
#   Reduce memory load on the system
#   Increase physical memory or swap space
#   Check if swap backing store is full
#   Decrease Java heap size (-Xmx/-Xms)
#   Decrease number of Java threads
#   Decrease Java thread stack sizes (-Xss)
#   Set larger code cache with -XX:ReservedCodeCacheSize=
#   JVM is running with Unscaled Compressed Oops mode in which the Java heap is
#     placed in the first 4GB address space. The Java Heap base address is the
#     maximum limit for the native heap growth. Please use -XX:HeapBaseMinAddress
#     to set the Java Heap base and to place the Java Heap above 4GB virtual address.
# This output file may be truncated or incomplete.
#
#  Out of Memory Error (allocation.cpp:389), pid=7752, tid=0x00000000000036b4
#
# JRE version: OpenJDK Runtime Environment (8.0_212-b04) (build 1.8.0_212-release-1586-b04)
# Java VM: OpenJDK 64-Bit Server VM (25.212-b04 mixed mode windows-amd64 compressed oops)
# Failed to write core dump. Minidumps are not enabled by default on client versions of Windows
#

---------------  T H R E A D  ---------------

Current thread (0x00000000189ef000):  JavaThread "C2 CompilerThread2" daemon [_thread_in_native, id=14004, stack(0x00000000194b0000,0x00000000195b0000)]

Stack: [0x00000000194b0000,0x00000000195b0000]
[error occurred during error reporting (printing stack bounds), id 0xc0000005]

Native frames: (J=compiled Java code, j=interpreted, Vv=VM code, C=native code)


Current CompileTask:
C2:1575841 17451       4       com.android.tools.r8.ir.conversion.IRBuilder::a (184 bytes)


---------------  P R O C E S S  ---------------

Java Threads: ( => current thread )
  0x000000001e6c8000 JavaThread "WorkerExecutor Queue Thread 15" [_thread_blocked, id=9980, stack(0x000000002e6c0000,0x000000002e7c0000)]
  0x000000001e6c6000 JavaThread "WorkerExecutor Queue Thread 14" [_thread_blocked, id=14120, stack(0x000000002b590000,0x000000002b690000)]
  0x000000001e6c3800 JavaThread "ForkJoinPool.commonPool-worker-5" daemon [_thread_blocked, id=14984, stack(0x000000002e1a0000,0x000000002e2a0000)]
  0x000000001e6ca800 JavaThread "ForkJoinPool.commonPool-worker-7" daemon [_thread_blocked, id=12768, stack(0x000000002d040000,0x000000002d140000)]
  0x000000001e6c6800 JavaThread "ForkJoinPool.commonPool-worker-3" daemon [_thread_blocked, id=14164, stack(0x000000002cb10000,0x000000002cc10000)]
  0x000000001e6c3000 JavaThread "ForkJoinPool.commonPool-worker-2" daemon [_thread_blocked, id=1500, stack(0x00000000284c0000,0x00000000285c0000)]
  0x000000001e6c4800 JavaThread "ForkJoinPool.commonPool-worker-1" daemon [_thread_blocked, id=15504, stack(0x00000000282c0000,0x00000000283c0000)]
  0x000000001e6c9800 JavaThread "WorkerExecutor Queue Thread 13" [_thread_blocked, id=15000, stack(0x00000000281c0000,0x00000000282c0000)]
  0x000000001e6c9000 JavaThread "WorkerExecutor Queue Thread 12" [_thread_blocked, id=12056, stack(0x00000000280c0000,0x00000000281c0000)]
  0x000000001e6bb800 JavaThread "WorkerExecutor Queue Thread 11" [_thread_blocked, id=12020, stack(0x0000000027dc0000,0x0000000027ec0000)]
  0x000000001e6c1800 JavaThread "WorkerExecutor Queue Thread 10" [_thread_blocked, id=7208, stack(0x00000000262d0000,0x00000000263d0000)]
  0x000000001e6c0800 JavaThread "WorkerExecutor Queue Thread 9" [_thread_blocked, id=14772, stack(0x0000000024d90000,0x0000000024e90000)]
  0x000000001e6bf000 JavaThread "Cache worker for Java compile cache (C:\Users\evang\Documents\341\COSC_320_Project\.gradle\5.4.1\javaCompile)" [_thread_blocked, id=13812, stack(0x000000002b490000,0x000000002b590000)]
  0x000000001e6bd000 JavaThread "Cache worker for Java compile cache (C:\Users\evang\.gradle\caches\5.4.1\javaCompile)" [_thread_blocked, id=11168, stack(0x000000002b390000,0x000000002b490000)]
  0x000000001f09e000 JavaThread "stdout" [_thread_in_native, id=9120, stack(0x0000000029ac0000,0x0000000029bc0000)]
  0x000000001f09f800 JavaThread "stderr" [_thread_in_native, id=9488, stack(0x00000000299c0000,0x0000000029ac0000)]
  0x000000001f09d800 JavaThread "stdout" [_thread_in_native, id=11516, stack(0x00000000297c0000,0x00000000298c0000)]
  0x000000001f0a3800 JavaThread "stderr" [_thread_in_native, id=15272, stack(0x00000000296c0000,0x00000000297c0000)]
  0x000000001f09f000 JavaThread "stdout" [_thread_in_native, id=10532, stack(0x00000000295c0000,0x00000000296c0000)]
  0x000000001f09c800 JavaThread "stderr" [_thread_in_native, id=8304, stack(0x00000000294c0000,0x00000000295c0000)]
  0x000000001f095000 JavaThread "stdout" [_thread_in_native, id=16056, stack(0x00000000293c0000,0x00000000294c0000)]
  0x000000001f09c000 JavaThread "stderr" [_thread_in_native, id=16020, stack(0x00000000292c0000,0x00000000293c0000)]
  0x000000001f094800 JavaThread "stdout" [_thread_in_native, id=7472, stack(0x00000000291c0000,0x00000000292c0000)]
  0x000000001f096000 JavaThread "stderr" [_thread_in_native, id=1364, stack(0x00000000290c0000,0x00000000291c0000)]
  0x000000001f09b000 JavaThread "stdout" [_thread_in_native, id=1252, stack(0x0000000028fc0000,0x00000000290c0000)]
  0x000000001f099800 JavaThread "stderr" [_thread_in_native, id=3632, stack(0x0000000028ec0000,0x0000000028fc0000)]
  0x000000001f098000 JavaThread "stdout" [_thread_in_native, id=420, stack(0x0000000028dc0000,0x0000000028ec0000)]
  0x000000001f097800 JavaThread "stderr" [_thread_in_native, id=13716, stack(0x0000000028cc0000,0x0000000028dc0000)]
  0x000000001f099000 JavaThread "stdout" [_thread_in_native, id=16168, stack(0x0000000028bc0000,0x0000000028cc0000)]
  0x000000001f096800 JavaThread "stderr" [_thread_in_native, id=15988, stack(0x0000000028ac0000,0x0000000028bc0000)]
  0x0000000022646800 JavaThread "pool-6-thread-1" [_thread_blocked, id=13476, stack(0x00000000285c0000,0x00000000286c0000)]
  0x000000002264b000 JavaThread "WorkerExecutor Queue Thread 5" [_thread_blocked, id=6740, stack(0x00000000283c0000,0x00000000284c0000)]
  0x0000000022642000 JavaThread "Cache worker for execution history cache (C:\Users\evang\Documents\341\COSC_320_Project\.gradle\5.4.1\executionHistory)" [_thread_blocked, id=15228, stack(0x0000000027cc0000,0x0000000027dc0000)]
  0x000000002263f800 JavaThread "Execution worker for ':' Thread 7" [_thread_blocked, id=4104, stack(0x0000000027ac0000,0x0000000027bc0000)]
  0x0000000022643800 JavaThread "Execution worker for ':' Thread 6" [_thread_blocked, id=8008, stack(0x00000000279c0000,0x0000000027ac0000)]
  0x000000002263c800 JavaThread "Execution worker for ':' Thread 5" [_thread_blocked, id=5164, stack(0x00000000278c0000,0x00000000279c0000)]
  0x000000002263c000 JavaThread "Execution worker for ':' Thread 4" [_thread_blocked, id=14388, stack(0x00000000277c0000,0x00000000278c0000)]
  0x000000002263d800 JavaThread "Execution worker for ':' Thread 3" [_thread_blocked, id=14352, stack(0x00000000276c0000,0x00000000277c0000)]
  0x00000000189f2800 JavaThread "Execution worker for ':' Thread 2" [_thread_blocked, id=6512, stack(0x00000000275c0000,0x00000000276c0000)]
  0x00000000189f8800 JavaThread "Execution worker for ':'" [_thread_blocked, id=1820, stack(0x00000000274c0000,0x00000000275c0000)]
  0x00000000223bf800 JavaThread "Cache worker for file content cache (C:\Users\evang\Documents\341\COSC_320_Project\.gradle\5.4.1\fileContent)" [_thread_blocked, id=14936, stack(0x00000000273c0000,0x00000000274c0000)]
  0x00000000223be000 JavaThread "Cache worker for file content cache (C:\Users\evang\.gradle\caches\5.4.1\fileContent)" [_thread_blocked, id=10188, stack(0x00000000272c0000,0x00000000273c0000)]
  0x00000000223bd000 JavaThread "Cache worker for Build Output Cleanup Cache (C:\Users\evang\Documents\341\COSC_320_Project\.gradle\buildOutputCleanup)" [_thread_blocked, id=8800, stack(0x00000000271c0000,0x00000000272c0000)]
  0x00000000223be800 JavaThread "Build operations Thread 8" [_thread_blocked, id=7768, stack(0x00000000270c0000,0x00000000271c0000)]
  0x00000000223bc800 JavaThread "Build operations Thread 7" [_thread_blocked, id=5352, stack(0x0000000023840000,0x0000000023940000)]
  0x00000000223bb000 JavaThread "Build operations Thread 6" [_thread_blocked, id=10104, stack(0x0000000023740000,0x0000000023840000)]
  0x00000000223ba000 JavaThread "Build operations Thread 5" [_thread_blocked, id=15052, stack(0x0000000023640000,0x0000000023740000)]
  0x00000000223bb800 JavaThread "Build operations Thread 4" [_thread_blocked, id=2472, stack(0x0000000023540000,0x0000000023640000)]
  0x00000000223b2800 JavaThread "Build operations Thread 3" [_thread_blocked, id=1600, stack(0x0000000023440000,0x0000000023540000)]
  0x00000000223b9800 JavaThread "Build operations Thread 2" [_thread_blocked, id=2400, stack(0x0000000023340000,0x0000000023440000)]
  0x00000000223b8800 JavaThread "Build operations" [_thread_blocked, id=7836, stack(0x0000000021f50000,0x0000000022050000)]
  0x00000000223b8000 JavaThread "Cache worker for cache directory md-rule (C:\Users\evang\.gradle\caches\5.4.1\md-rule)" [_thread_blocked, id=1760, stack(0x0000000021e50000,0x0000000021f50000)]
  0x00000000223b6800 JavaThread "Cache worker for cache directory md-supplier (C:\Users\evang\.gradle\caches\5.4.1\md-supplier)" [_thread_blocked, id=6160, stack(0x0000000021450000,0x0000000021550000)]
  0x000000001e204000 JavaThread "Cache worker for file hash cache (C:\Users\evang\Documents\341\COSC_320_Project\.gradle\5.4.1\fileHashes)" [_thread_blocked, id=10072, stack(0x0000000021350000,0x0000000021450000)]
  0x000000001e202800 JavaThread "Thread-48" [_thread_blocked, id=5196, stack(0x000000001fa70000,0x000000001fb70000)]
  0x000000001e1fe800 JavaThread "Stdin handler" [_thread_blocked, id=2712, stack(0x000000001c000000,0x000000001c100000)]
  0x000000001e1f6800 JavaThread "Asynchronous log dispatcher for DefaultDaemonConnection: socket connection from /127.0.0.1:59906 to /127.0.0.1:60159" [_thread_blocked, id=15672, stack(0x000000001bf00000,0x000000001c000000)]
  0x000000001e1fb800 JavaThread "Cancel handler" [_thread_blocked, id=2388, stack(0x000000001be00000,0x000000001bf00000)]
  0x000000001e1f8000 JavaThread "Handler for socket connection from /127.0.0.1:59906 to /127.0.0.1:60159" [_thread_in_native, id=9660, stack(0x000000001bb00000,0x000000001bc00000)]
  0x00000000223b7000 JavaThread "Daemon worker Thread 2" [_thread_in_vm, id=16380, stack(0x000000001ba00000,0x000000001bb00000)]
  0x00000000223b5800 JavaThread "Daemon Thread 2" [_thread_blocked, id=3152, stack(0x0000000000f20000,0x0000000001020000)]
  0x00000000223b3800 JavaThread "Memory manager" [_thread_blocked, id=14452, stack(0x0000000024040000,0x0000000024140000)]
  0x000000001e1f9800 JavaThread "Cache worker for execution history cache (C:\Users\evang\.gradle\caches\5.4.1\executionHistory)" [_thread_blocked, id=1368, stack(0x0000000021550000,0x0000000021650000)]
  0x00000000189f7000 JavaThread "Cache worker for journal cache (C:\Users\evang\.gradle\caches\journal-1)" [_thread_blocked, id=14744, stack(0x000000001c600000,0x000000001c700000)]
  0x00000000189f7800 JavaThread "File lock request listener" [_thread_in_native, id=13416, stack(0x000000001c500000,0x000000001c600000)]
  0x000000001ae11000 JavaThread "Cache worker for file hash cache (C:\Users\evang\.gradle\caches\5.4.1\fileHashes)" [_thread_blocked, id=12736, stack(0x000000001c400000,0x000000001c500000)]
  0x000000001aa27800 JavaThread "Daemon periodic checks" [_thread_blocked, id=5076, stack(0x000000001b900000,0x000000001ba00000)]
  0x00000000198f6800 JavaThread "Incoming local TCP Connector on port 59906" [_thread_in_native, id=2776, stack(0x000000001b6c0000,0x000000001b7c0000)]
  0x000000001aad8800 JavaThread "Daemon health stats" [_thread_blocked, id=1852, stack(0x000000001b080000,0x000000001b180000)]
  0x0000000018a7e000 JavaThread "Service Thread" daemon [_thread_blocked, id=12672, stack(0x00000000196b0000,0x00000000197b0000)]
  0x00000000189f6000 JavaThread "C1 CompilerThread3" daemon [_thread_blocked, id=14828, stack(0x00000000195b0000,0x00000000196b0000)]
=>0x00000000189ef000 JavaThread "C2 CompilerThread2" daemon [_thread_in_native, id=14004, stack(0x00000000194b0000,0x00000000195b0000)]
  0x00000000189e1800 JavaThread "C2 CompilerThread1" daemon [_thread_in_native, id=8500, stack(0x00000000193b0000,0x00000000194b0000)]
  0x00000000189dc800 JavaThread "C2 CompilerThread0" daemon [_thread_in_native, id=15088, stack(0x00000000192b0000,0x00000000193b0000)]
  0x00000000189db800 JavaThread "Attach Listener" daemon [_thread_blocked, id=13948, stack(0x00000000191b0000,0x00000000192b0000)]
  0x00000000189e6800 JavaThread "Signal Dispatcher" daemon [_thread_blocked, id=13996, stack(0x00000000190b0000,0x00000000191b0000)]
  0x0000000002ded800 JavaThread "Finalizer" daemon [_thread_blocked, id=16288, stack(0x0000000018eb0000,0x0000000018fb0000)]
  0x0000000016bac000 JavaThread "Reference Handler" daemon [_thread_blocked, id=14404, stack(0x0000000018db0000,0x0000000018eb0000)]
  0x0000000002cee000 JavaThread "main" [_thread_blocked, id=13420, stack(0x0000000002b40000,0x0000000002c40000)]

Other Threads:
  0x0000000016ba7800 VMThread [stack: 0x00000000188b0000,0x00000000189b0000] [id=3064]
  0x0000000018a7f000 WatcherThread [stack: 0x00000000197b0000,0x00000000198b0000] [id=3788]

VM state:not at safepoint (normal execution)

VM Mutex/Monitor currently owned by a thread: None

heap address: 0x00000000a0000000, size: 1536 MB, Compressed Oops mode: 32-bit
Narrow klass base: 0x0000000000000000, Narrow klass shift: 3
Compressed class space size: 1073741824 Address: 0x0000000100000000

Heap:
 PSYoungGen      total 402944K, used 301766K [0x00000000e0000000, 0x00000000ff580000, 0x0000000100000000)
  eden space 373248K, 78% used [0x00000000e0000000,0x00000000f1db98a8,0x00000000f6c80000)
  from space 29696K, 30% used [0x00000000f6c80000,0x00000000f7578020,0x00000000f8980000)
  to   space 29696K, 0% used [0x00000000fd880000,0x00000000fd880000,0x00000000ff580000)
 ParOldGen       total 193024K, used 71784K [0x00000000a0000000, 0x00000000abc80000, 0x00000000e0000000)
  object space 193024K, 37% used [0x00000000a0000000,0x00000000a461a320,0x00000000abc80000)
 Metaspace       used 98765K, capacity 102740K, committed 104344K, reserved 1140736K
  class space    used 12557K, capacity 13380K, committed 13720K, reserved 1048576K

Card table byte_map: [0x00000000121b0000,0x00000000124c0000] byte_map_base: 0x0000000011cb0000

Marking Bits: (ParMarkBitMap*) 0x0000000069869f30
 Begin Bits: [0x0000000012ec0000, 0x00000000146c0000)
 End Bits:   [0x00000000146c0000, 0x0000000015ec0000)

Polling page: 0x0000000001300000

CodeCache: size=245760Kb used=56835Kb max_used=56851Kb free=188924Kb
 bounds [0x0000000002df0000, 0x0000000006610000, 0x0000000011df0000]
 total_blobs=17399 nmethods=16483 adapters=825
 compilation: enabled

Compilation events (10 events):
Event: 1575.691 Thread 0x00000000189dc800 nmethod 20127 0x0000000003244e10 code [0x0000000003244f80, 0x0000000003245388]
Event: 1575.691 Thread 0x00000000189dc800 18209       4       com.android.tools.r8.ir.optimize.CodeRewriter::a (60 bytes)
Event: 1575.696 Thread 0x00000000189dc800 nmethod 18209 0x0000000003244810 code [0x0000000003244960, 0x0000000003244b58]
Event: 1575.696 Thread 0x00000000189dc800 18879       4       com.android.tools.r8.ir.code.k0::a (87 bytes)
Event: 1575.697 Thread 0x00000000189dc800 nmethod 18879 0x0000000005295710 code [0x0000000005295860, 0x0000000005295918]
Event: 1575.697 Thread 0x00000000189dc800 19215       4       com.android.tools.r8.ir.conversion.N::e (27 bytes)
Event: 1575.698 Thread 0x00000000189dc800 nmethod 19215 0x0000000003a86cd0 code [0x0000000003a86e00, 0x0000000003a86e78]
Event: 1575.698 Thread 0x00000000189dc800 19091       4       com.android.tools.r8.ir.code.If::I1 (81 bytes)
Event: 1575.702 Thread 0x00000000189dc800 nmethod 19091 0x0000000003242910 code [0x0000000003242a60, 0x0000000003242c18]
Event: 1575.702 Thread 0x00000000189dc800 20068       4       com.android.tools.r8.dex.VirtualFile$g::b (17 bytes)

GC Heap History (10 events):
Event: 1565.993 GC heap before
{Heap before GC invocations=31 (full 4):
 PSYoungGen      total 287744K, used 282517K [0x00000000e0000000, 0x00000000f3900000, 0x0000000100000000)
  eden space 259072K, 100% used [0x00000000e0000000,0x00000000efd00000,0x00000000efd00000)
  from space 28672K, 81% used [0x00000000f1a80000,0x00000000f31655b8,0x00000000f3680000)
  to   space 30208K, 0% used [0x00000000efd00000,0x00000000efd00000,0x00000000f1a80000)
 ParOldGen       total 193024K, used 43810K [0x00000000a0000000, 0x00000000abc80000, 0x00000000e0000000)
  object space 193024K, 22% used [0x00000000a0000000,0x00000000a2ac8a20,0x00000000abc80000)
 Metaspace       used 97694K, capacity 101518K, committed 103320K, reserved 1138688K
  class space    used 12447K, capacity 13265K, committed 13720K, reserved 1048576K
Event: 1566.029 GC heap after
Heap after GC invocations=31 (full 4):
 PSYoungGen      total 289280K, used 23734K [0x00000000e0000000, 0x00000000f6d00000, 0x0000000100000000)
  eden space 259072K, 0% used [0x00000000e0000000,0x00000000e0000000,0x00000000efd00000)
  from space 30208K, 78% used [0x00000000efd00000,0x00000000f142da30,0x00000000f1a80000)
  to   space 31232K, 0% used [0x00000000f4e80000,0x00000000f4e80000,0x00000000f6d00000)
 ParOldGen       total 193024K, used 53042K [0x00000000a0000000, 0x00000000abc80000, 0x00000000e0000000)
  object space 193024K, 27% used [0x00000000a0000000,0x00000000a33cc928,0x00000000abc80000)
 Metaspace       used 97694K, capacity 101518K, committed 103320K, reserved 1138688K
  class space    used 12447K, capacity 13265K, committed 13720K, reserved 1048576K
}
Event: 1566.675 GC heap before
{Heap before GC invocations=32 (full 4):
 PSYoungGen      total 289280K, used 282806K [0x00000000e0000000, 0x00000000f6d00000, 0x0000000100000000)
  eden space 259072K, 100% used [0x00000000e0000000,0x00000000efd00000,0x00000000efd00000)
  from space 30208K, 78% used [0x00000000efd00000,0x00000000f142da30,0x00000000f1a80000)
  to   space 31232K, 0% used [0x00000000f4e80000,0x00000000f4e80000,0x00000000f6d00000)
 ParOldGen       total 193024K, used 53042K [0x00000000a0000000, 0x00000000abc80000, 0x00000000e0000000)
  object space 193024K, 27% used [0x00000000a0000000,0x00000000a33cc928,0x00000000abc80000)
 Metaspace       used 97787K, capacity 101536K, committed 103320K, reserved 1138688K
  class space    used 12460K, capacity 13268K, committed 13720K, reserved 1048576K
Event: 1566.707 GC heap after
Heap after GC invocations=32 (full 4):
 PSYoungGen      total 340480K, used 17905K [0x00000000e0000000, 0x00000000f6b00000, 0x0000000100000000)
  eden space 311296K, 0% used [0x00000000e0000000,0x00000000e0000000,0x00000000f3000000)
  from space 29184K, 61% used [0x00000000f4e80000,0x00000000f5ffc608,0x00000000f6b00000)
  to   space 30208K, 0% used [0x00000000f3000000,0x00000000f3000000,0x00000000f4d80000)
 ParOldGen       total 193024K, used 58318K [0x00000000a0000000, 0x00000000abc80000, 0x00000000e0000000)
  object space 193024K, 30% used [0x00000000a0000000,0x00000000a38f3a08,0x00000000abc80000)
 Metaspace       used 97787K, capacity 101536K, committed 103320K, reserved 1138688K
  class space    used 12460K, capacity 13268K, committed 13720K, reserved 1048576K
}
Event: 1567.482 GC heap before
{Heap before GC invocations=33 (full 4):
 PSYoungGen      total 340480K, used 329201K [0x00000000e0000000, 0x00000000f6b00000, 0x0000000100000000)
  eden space 311296K, 100% used [0x00000000e0000000,0x00000000f3000000,0x00000000f3000000)
  from space 29184K, 61% used [0x00000000f4e80000,0x00000000f5ffc608,0x00000000f6b00000)
  to   space 30208K, 0% used [0x00000000f3000000,0x00000000f3000000,0x00000000f4d80000)
 ParOldGen       total 193024K, used 58318K [0x00000000a0000000, 0x00000000abc80000, 0x00000000e0000000)
  object space 193024K, 30% used [0x00000000a0000000,0x00000000a38f3a08,0x00000000abc80000)
 Metaspace       used 98138K, capacity 101912K, committed 103576K, reserved 1138688K
  class space    used 12497K, capacity 13306K, committed 13720K, reserved 1048576K
Event: 1567.514 GC heap after
Heap after GC invocations=33 (full 4):
 PSYoungGen      total 341504K, used 15819K [0x00000000e0000000, 0x00000000fa600000, 0x0000000100000000)
  eden space 311296K, 0% used [0x00000000e0000000,0x00000000e0000000,0x00000000f3000000)
  from space 30208K, 52% used [0x00000000f3000000,0x00000000f3f72de8,0x00000000f4d80000)
  to   space 29184K, 0% used [0x00000000f8980000,0x00000000f8980000,0x00000000fa600000)
 ParOldGen       total 193024K, used 59734K [0x00000000a0000000, 0x00000000abc80000, 0x00000000e0000000)
  object space 193024K, 30% used [0x00000000a0000000,0x00000000a3a55900,0x00000000abc80000)
 Metaspace       used 98138K, capacity 101912K, committed 103576K, reserved 1138688K
  class space    used 12497K, capacity 13306K, committed 13720K, reserved 1048576K
}
Event: 1568.435 GC heap before
{Heap before GC invocations=34 (full 4):
 PSYoungGen      total 341504K, used 327115K [0x00000000e0000000, 0x00000000fa600000, 0x0000000100000000)
  eden space 311296K, 100% used [0x00000000e0000000,0x00000000f3000000,0x00000000f3000000)
  from space 30208K, 52% used [0x00000000f3000000,0x00000000f3f72de8,0x00000000f4d80000)
  to   space 29184K, 0% used [0x00000000f8980000,0x00000000f8980000,0x00000000fa600000)
 ParOldGen       total 193024K, used 59734K [0x00000000a0000000, 0x00000000abc80000, 0x00000000e0000000)
  object space 193024K, 30% used [0x00000000a0000000,0x00000000a3a55900,0x00000000abc80000)
 Metaspace       used 98355K, capacity 102178K, committed 103832K, reserved 1138688K
  class space    used 12528K, capacity 13333K, committed 13720K, reserved 1048576K
Event: 1568.481 GC heap after
Heap after GC invocations=34 (full 4):
 PSYoungGen      total 402432K, used 7232K [0x00000000e0000000, 0x00000000fa700000, 0x0000000100000000)
  eden space 373248K, 0% used [0x00000000e0000000,0x00000000e0000000,0x00000000f6c80000)
  from space 29184K, 24% used [0x00000000f8980000,0x00000000f9090090,0x00000000fa600000)
  to   space 29696K, 0% used [0x00000000f6c80000,0x00000000f6c80000,0x00000000f8980000)
 ParOldGen       total 193024K, used 68960K [0x00000000a0000000, 0x00000000abc80000, 0x00000000e0000000)
  object space 193024K, 35% used [0x00000000a0000000,0x00000000a4358290,0x00000000abc80000)
 Metaspace       used 98355K, capacity 102178K, committed 103832K, reserved 1138688K
  class space    used 12528K, capacity 13333K, committed 13720K, reserved 1048576K
}
Event: 1570.439 GC heap before
{Heap before GC invocations=35 (full 4):
 PSYoungGen      total 402432K, used 380480K [0x00000000e0000000, 0x00000000fa700000, 0x0000000100000000)
  eden space 373248K, 100% used [0x00000000e0000000,0x00000000f6c80000,0x00000000f6c80000)
  from space 29184K, 24% used [0x00000000f8980000,0x00000000f9090090,0x00000000fa600000)
  to   space 29696K, 0% used [0x00000000f6c80000,0x00000000f6c80000,0x00000000f8980000)
 ParOldGen       total 193024K, used 68960K [0x00000000a0000000, 0x00000000abc80000, 0x00000000e0000000)
  object space 193024K, 35% used [0x00000000a0000000,0x00000000a4358290,0x00000000abc80000)
 Metaspace       used 98483K, capacity 102420K, committed 104088K, reserved 1140736K
  class space    used 12540K, capacity 13368K, committed 13720K, reserved 1048576K
Event: 1570.653 GC heap after
Heap after GC invocations=35 (full 4):
 PSYoungGen      total 402944K, used 9184K [0x00000000e0000000, 0x00000000ff580000, 0x0000000100000000)
  eden space 373248K, 0% used [0x00000000e0000000,0x00000000e0000000,0x00000000f6c80000)
  from space 29696K, 30% used [0x00000000f6c80000,0x00000000f7578020,0x00000000f8980000)
  to   space 29696K, 0% used [0x00000000fd880000,0x00000000fd880000,0x00000000ff580000)
 ParOldGen       total 193024K, used 71784K [0x00000000a0000000, 0x00000000abc80000, 0x00000000e0000000)
  object space 193024K, 37% used [0x00000000a0000000,0x00000000a461a320,0x00000000abc80000)
 Metaspace       used 98483K, capacity 102420K, committed 104088K, reserved 1140736K
  class space    used 12540K, capacity 13368K, committed 13720K, reserved 1048576K
}

Deoptimization events (10 events):
Event: 1567.332 Thread 0x00000000189f8800 Uncommon trap: reason=unstable_if action=reinterpret pc=0x000000000541f708 method=com.android.tools.r8.graph.DexString.slowCompareTo(Lcom/android/tools/r8/graph/DexString;)I @ 141
Event: 1567.890 Thread 0x00000000223b7000 Uncommon trap: reason=class_check action=maybe_recompile pc=0x0000000005971214 method=com.android.tools.r8.ir.analysis.g.e.b(Lcom/android/tools/r8/ir/code/Instruction;)V @ 376
Event: 1567.993 Thread 0x0000000022640800 Uncommon trap: reason=unstable_if action=reinterpret pc=0x0000000003a80630 method=java.util.Arrays.hashCode([Ljava/lang/Object;)I @ 1
Event: 1568.309 Thread 0x000000002263d800 Uncommon trap: reason=null_check action=make_not_entrant pc=0x0000000003fc7a4c method=com.android.tools.r8.ir.analysis.type.ArrayTypeLatticeElement.getOrCreateVariant(Lcom/android/tools/r8/ir/analysis/type/Nullability;)Lcom/android/tools/r8/ir/analysis/ty
Event: 1569.031 Thread 0x0000000022643800 Uncommon trap: reason=unstable_if action=reinterpret pc=0x00000000054bc460 method=com.android.tools.r8.dex.DexOutputBuffer.j(I)V @ 8
Event: 1572.983 Thread 0x000000001e6c0800 Uncommon trap: reason=unstable_if action=reinterpret pc=0x000000000489fdf8 method=java.util.concurrent.ConcurrentHashMap.putVal(Ljava/lang/Object;Ljava/lang/Object;Z)Ljava/lang/Object; @ 152
Event: 1575.255 Thread 0x00000000223b7000 Uncommon trap: reason=bimorphic action=maybe_recompile pc=0x0000000004eafcd0 method=com.sun.org.apache.xerces.internal.parsers.AbstractSAXParser.characters(Lcom/sun/org/apache/xerces/internal/xni/XMLString;Lcom/sun/org/apache/xerces/internal/xni/Augmentat
Event: 1575.257 Thread 0x00000000223b7000 Uncommon trap: reason=bimorphic action=maybe_recompile pc=0x0000000004eafcd0 method=com.sun.org.apache.xerces.internal.parsers.AbstractSAXParser.characters(Lcom/sun/org/apache/xerces/internal/xni/XMLString;Lcom/sun/org/apache/xerces/internal/xni/Augmentat
Event: 1575.261 Thread 0x00000000223b7000 Uncommon trap: reason=bimorphic action=maybe_recompile pc=0x0000000004eafcd0 method=com.sun.org.apache.xerces.internal.parsers.AbstractSAXParser.characters(Lcom/sun/org/apache/xerces/internal/xni/XMLString;Lcom/sun/org/apache/xerces/internal/xni/Augmentat
Event: 1575.261 Thread 0x00000000223b7000 Uncommon trap: reason=bimorphic action=maybe_recompile pc=0x0000000004eafcd0 method=com.sun.org.apache.xerces.internal.parsers.AbstractSAXParser.characters(Lcom/sun/org/apache/xerces/internal/xni/XMLString;Lcom/sun/org/apache/xerces/internal/xni/Augmentat

Classes redefined (0 events):
No events

Internal exceptions (10 events):
Event: 1567.309 Thread 0x000000002264b000 Exception <a 'sun/nio/fs/WindowsException'> (0x00000000ef673570) thrown at [D:\src\AOSP-openjdk-cygwin\jdk8u\hotspot\src\share\vm\prims\jni.cpp, line 710]
Event: 1567.369 Thread 0x00000000189f8800 Exception <a 'sun/nio/fs/WindowsException'> (0x00000000f0afd6a0) thrown at [D:\src\AOSP-openjdk-cygwin\jdk8u\hotspot\src\share\vm\prims\jni.cpp, line 710]
Event: 1567.993 Thread 0x0000000022640800 Implicit null exception at 0x0000000003a8052f to 0x0000000003a80621
Event: 1568.238 Thread 0x000000002264a800 Exception <a 'sun/nio/fs/WindowsException'> (0x00000000eed48200) thrown at [D:\src\AOSP-openjdk-cygwin\jdk8u\hotspot\src\share\vm\prims\jni.cpp, line 710]
Event: 1568.309 Thread 0x000000002263d800 Implicit null exception at 0x0000000003fc3eff to 0x0000000003fc7a41
Event: 1569.122 Thread 0x0000000022643800 Exception <a 'sun/nio/fs/WindowsException'> (0x00000000e9200b20) thrown at [D:\src\AOSP-openjdk-cygwin\jdk8u\hotspot\src\share\vm\prims\jni.cpp, line 710]
Event: 1569.691 Thread 0x000000002263d800 Exception <a 'sun/nio/fs/WindowsException'> (0x00000000f1f350e8) thrown at [D:\src\AOSP-openjdk-cygwin\jdk8u\hotspot\src\share\vm\prims\jni.cpp, line 710]
Event: 1572.137 Thread 0x00000000223b7000 Exception <a 'sun/nio/fs/WindowsException'> (0x00000000eaa855a8) thrown at [D:\src\AOSP-openjdk-cygwin\jdk8u\hotspot\src\share\vm\prims\jni.cpp, line 710]
Event: 1572.922 Thread 0x000000001e6c0800 Exception <a 'sun/nio/fs/WindowsException'> (0x00000000eb60f570) thrown at [D:\src\AOSP-openjdk-cygwin\jdk8u\hotspot\src\share\vm\prims\jni.cpp, line 710]
Event: 1575.056 Thread 0x0000000022640800 Exception <a 'sun/nio/fs/WindowsException'> (0x00000000f1b22348) thrown at [D:\src\AOSP-openjdk-cygwin\jdk8u\hotspot\src\share\vm\prims\jni.cpp, line 710]

Events (10 events):
Event: 1575.370 loading class com/google/common/collect/ImmutableBiMap$Builder
Event: 1575.370 loading class com/google/common/collect/ImmutableBiMap$Builder done
Event: 1575.427 loading class com/google/common/collect/ImmutableBiMap$Builder
Event: 1575.427 loading class com/google/common/collect/ImmutableBiMap$Builder done
Event: 1575.439 loading class org/gradle/internal/execution/UnitOfWork$InputFilePropertyVisitor
Event: 1575.439 loading class org/gradle/internal/execution/UnitOfWork$InputFilePropertyVisitor done
Event: 1575.576 loading class org/gradle/internal/execution/history/changes/DefaultIncrementalInputProperties
Event: 1575.576 loading class org/gradle/internal/execution/history/changes/DefaultIncrementalInputProperties done
Event: 1575.737 loading class com/android/build/gradle/internal/tasks/NewIncrementalTask$taskAction$$inlined$recordTaskAction$1
Event: 1575.737 loading class com/android/build/gradle/internal/tasks/NewIncrementalTask$taskAction$$inlined$recordTaskAction$1 done


Dynamic libraries:
0x00007ff7f7970000 - 0x00007ff7f79a1000 	C:\Program Files\Android\Android Studio\jre\bin\java.exe
0x00007ffa7dc20000 - 0x00007ffa7de10000 	C:\WINDOWS\SYSTEM32\ntdll.dll
0x00007ffa7d390000 - 0x00007ffa7d442000 	C:\WINDOWS\System32\KERNEL32.DLL
0x00007ffa7af60000 - 0x00007ffa7b203000 	C:\WINDOWS\System32\KERNELBASE.dll
0x00007ffa7d810000 - 0x00007ffa7d8b3000 	C:\WINDOWS\System32\ADVAPI32.dll
0x00007ffa7c3f0000 - 0x00007ffa7c48e000 	C:\WINDOWS\System32\msvcrt.dll
0x00007ffa7c970000 - 0x00007ffa7ca07000 	C:\WINDOWS\System32\sechost.dll
0x00007ffa7d4c0000 - 0x00007ffa7d5e0000 	C:\WINDOWS\System32\RPCRT4.dll
0x00007ffa7c7d0000 - 0x00007ffa7c964000 	C:\WINDOWS\System32\USER32.dll
0x00007ffa7b3b0000 - 0x00007ffa7b3d1000 	C:\WINDOWS\System32\win32u.dll
0x00007ffa7c3c0000 - 0x00007ffa7c3e6000 	C:\WINDOWS\System32\GDI32.dll
0x00007ffa7b210000 - 0x00007ffa7b3a4000 	C:\WINDOWS\System32\gdi32full.dll
0x00007ffa7bc30000 - 0x00007ffa7bcce000 	C:\WINDOWS\System32\msvcp_win.dll
0x00007ffa7ad50000 - 0x00007ffa7ae4a000 	C:\WINDOWS\System32\ucrtbase.dll
0x00007ffa5ffa0000 - 0x00007ffa60225000 	C:\WINDOWS\WinSxS\amd64_microsoft.windows.common-controls_6595b64144ccf1df_6.0.18362.720_none_e6beb5c51314836b\COMCTL32.dll
0x00007ffa7c490000 - 0x00007ffa7c7c6000 	C:\WINDOWS\System32\combase.dll
0x00007ffa7aee0000 - 0x00007ffa7af60000 	C:\WINDOWS\System32\bcryptPrimitives.dll
0x00007ffa7dbb0000 - 0x00007ffa7dbde000 	C:\WINDOWS\System32\IMM32.DLL
0x0000000068ee0000 - 0x0000000068fb2000 	C:\Program Files\Android\Android Studio\jre\jre\bin\msvcr100.dll
0x00000000690a0000 - 0x00000000698e6000 	C:\Program Files\Android\Android Studio\jre\jre\bin\server\jvm.dll
0x00007ffa7d380000 - 0x00007ffa7d388000 	C:\WINDOWS\System32\PSAPI.DLL
0x00007ffa57b20000 - 0x00007ffa57b29000 	C:\WINDOWS\SYSTEM32\WSOCK32.dll
0x00007ffa75480000 - 0x00007ffa754a4000 	C:\WINDOWS\SYSTEM32\WINMM.dll
0x00007ffa706e0000 - 0x00007ffa706ea000 	C:\WINDOWS\SYSTEM32\VERSION.dll
0x00007ffa7cbd0000 - 0x00007ffa7cc3f000 	C:\WINDOWS\System32\WS2_32.dll
0x00007ffa75450000 - 0x00007ffa7547d000 	C:\WINDOWS\SYSTEM32\winmmbase.dll
0x00007ffa7ad00000 - 0x00007ffa7ad4a000 	C:\WINDOWS\System32\cfgmgr32.dll
0x00007ffa72210000 - 0x00007ffa7221f000 	C:\Program Files\Android\Android Studio\jre\jre\bin\verify.dll
0x00007ffa690e0000 - 0x00007ffa69109000 	C:\Program Files\Android\Android Studio\jre\jre\bin\java.dll
0x00007ffa6d610000 - 0x00007ffa6d626000 	C:\Program Files\Android\Android Studio\jre\jre\bin\zip.dll
0x00007ffa7bcd0000 - 0x00007ffa7c3b5000 	C:\WINDOWS\System32\SHELL32.dll
0x00007ffa7ca10000 - 0x00007ffa7cab9000 	C:\WINDOWS\System32\shcore.dll
0x00007ffa7b3e0000 - 0x00007ffa7bb60000 	C:\WINDOWS\System32\windows.storage.dll
0x00007ffa7ab10000 - 0x00007ffa7ab33000 	C:\WINDOWS\System32\profapi.dll
0x00007ffa7ab60000 - 0x00007ffa7abaa000 	C:\WINDOWS\System32\powrprof.dll
0x00007ffa7aae0000 - 0x00007ffa7aaf0000 	C:\WINDOWS\System32\UMPDC.dll
0x00007ffa7d730000 - 0x00007ffa7d782000 	C:\WINDOWS\System32\shlwapi.dll
0x00007ffa7ab40000 - 0x00007ffa7ab51000 	C:\WINDOWS\System32\kernel.appcore.dll
0x00007ffa7bc10000 - 0x00007ffa7bc27000 	C:\WINDOWS\System32\cryptsp.dll
0x00007ffa6cea0000 - 0x00007ffa6ceba000 	C:\Program Files\Android\Android Studio\jre\jre\bin\net.dll
0x00007ffa6a150000 - 0x00007ffa6a325000 	C:\WINDOWS\SYSTEM32\urlmon.dll
0x00007ffa69ea0000 - 0x00007ffa6a146000 	C:\WINDOWS\SYSTEM32\iertutil.dll
0x00007ffa7a4c0000 - 0x00007ffa7a4cc000 	C:\WINDOWS\SYSTEM32\CRYPTBASE.DLL
0x00007ffa7a2f0000 - 0x00007ffa7a357000 	C:\WINDOWS\system32\mswsock.dll
0x00007ffa690c0000 - 0x00007ffa690d3000 	C:\Program Files\Android\Android Studio\jre\jre\bin\nio.dll
0x00007ffa69150000 - 0x00007ffa69176000 	C:\Users\evang\.gradle\native\29\windows-amd64\native-platform.dll
0x00007ffa71a80000 - 0x00007ffa71a8d000 	C:\Program Files\Android\Android Studio\jre\jre\bin\management.dll
0x00007ffa79e60000 - 0x00007ffa79e93000 	C:\WINDOWS\system32\rsaenh.dll
0x00007ffa7ae50000 - 0x00007ffa7ae76000 	C:\WINDOWS\System32\bcrypt.dll
0x00007ffa7aa00000 - 0x00007ffa7aa25000 	C:\WINDOWS\SYSTEM32\USERENV.dll
0x00007ffa7a000000 - 0x00007ffa7a03a000 	C:\WINDOWS\SYSTEM32\IPHLPAPI.DLL
0x00007ffa7d650000 - 0x00007ffa7d658000 	C:\WINDOWS\System32\NSI.dll
0x00007ffa6aad0000 - 0x00007ffa6aae6000 	C:\WINDOWS\SYSTEM32\dhcpcsvc6.DLL
0x00007ffa6ae10000 - 0x00007ffa6ae2c000 	C:\WINDOWS\SYSTEM32\dhcpcsvc.DLL
0x00007ffa7a040000 - 0x00007ffa7a10a000 	C:\WINDOWS\SYSTEM32\DNSAPI.dll
0x00007ffa5c690000 - 0x00007ffa5c6b4000 	C:\Program Files\Android\Android Studio\jre\jre\bin\sunec.dll
0x000000006a480000 - 0x000000006a4a6000 	C:\Program Files\Bonjour\mdnsNSP.dll
0x00007ffa67fe0000 - 0x00007ffa67fea000 	C:\Windows\System32\rasadhlp.dll
0x00007ffa6aa20000 - 0x00007ffa6aa97000 	C:\WINDOWS\System32\fwpuclnt.dll
0x00007ffa69050000 - 0x00007ffa6905b000 	C:\Program Files\Android\Android Studio\jre\jre\bin\sunmscapi.dll
0x00007ffa7abb0000 - 0x00007ffa7acf9000 	C:\WINDOWS\System32\CRYPT32.dll
0x00007ffa7aaf0000 - 0x00007ffa7ab02000 	C:\WINDOWS\System32\MSASN1.dll

VM Arguments:
jvm_args: -Xmx1536m -Dfile.encoding=windows-1252 -Duser.country=CA -Duser.language=en -Duser.variant 
java_command: org.gradle.launcher.daemon.bootstrap.GradleDaemon 5.4.1
java_class_path (initial): C:\Users\evang\.gradle\wrapper\dists\gradle-5.4.1-all\3221gyojl5jsh0helicew7rwx\gradle-5.4.1\lib\gradle-launcher-5.4.1.jar
Launcher Type: SUN_STANDARD

Environment Variables:
JAVA_HOME=C:\Program Files\Java\jdk-13.0.2
PATH=C:\Program Files\Java\jdk-13.0.1\bin;C:\Users\evang\AppData\Local\Programs\Python\Python38-32\Scripts\;C:\Users\evang\AppData\Local\Programs\Python\Python38-32\;C:\Users\evang\AppData\Local\Programs\Python;C:\Users\evang\AppData\Local\atom\bin;C:\Users\evang\AppData\Local\Programs\Microsoft VS Code\bin;C:\Users\evang\AppData\Local\GitHubDesktop\bin;C:\Program Files\Java\jdk-13.0.2\bin;
USERNAME=evang
OS=Windows_NT
PROCESSOR_IDENTIFIER=Intel64 Family 6 Model 142 Stepping 10, GenuineIntel



---------------  S Y S T E M  ---------------

OS: Windows 10.0 , 64 bit Build 18362 (10.0.18362.329)

CPU:total 8 (initial active 8) (4 cores per cpu, 2 threads per core) family 6 model 142 stepping 10, cmov, cx8, fxsr, mmx, sse, sse2, sse3, ssse3, sse4.1, sse4.2, popcnt, avx, avx2, aes, clmul, erms, rtm, 3dnowpref, lzcnt, ht, tsc, tscinvbit, bmi1, bmi2, adx

Memory: 4k page, physical 8311868k(394120k free), swap 12506172k(1144k free)

vm_info: OpenJDK 64-Bit Server VM (25.212-b04) for windows-amd64 JRE (1.8.0_212-release-1586-b04), built by "builder" with MS VC++ 10.0 (VS2010)

time: Wed Mar 25 12:11:11 2020
timezone: Pacific Daylight Time
elapsed time: 1575 seconds (0d 0h 26m 15s)

